This file contains any messages produced by compilers while
running configure, to aid debugging if configure makes a mistake.

It was created by libicns configure 0.5.9, which was
generated by GNU Autoconf 2.61.  Invocation command line was

  $ ./configure 

## --------- ##
## Platform. ##
## --------- ##

hostname = fangorn.westlakelab.com
uname -m = i386
uname -r = 10.0.0
uname -s = Darwin
uname -v = Darwin Kernel Version 10.0.0: Fri Jul 31 22:47:34 PDT 2009; root:xnu-1456.1.25~1/RELEASE_I386

/usr/bin/uname -p = i386
/bin/uname -X     = unknown

/bin/arch              = unknown
/usr/bin/arch -k       = unknown
/usr/convex/getsysinfo = unknown
/usr/bin/hostinfo      = Mach kernel version:
	 Darwin Kernel Version 10.0.0: Fri Jul 31 22:47:34 PDT 2009; root:xnu-1456.1.25~1/RELEASE_I386
Kernel configured for up to 2 processors.
2 processors are physically available.
2 processors are logically available.
Processor type: i486 (Intel 80486)
Processors active: 0 1
Primary memory available: 4.00 gigabytes
Default processor set: 152 tasks, 630 threads, 2 processors
Load average: 0.36, Mach factor: 1.63
/bin/machine           = unknown
/usr/bin/oslevel       = unknown
/bin/universe          = unknown

PATH: /usr/bin
PATH: /bin
PATH: /usr/sbin
PATH: /sbin
PATH: /usr/local/bin
PATH: /usr/X11/bin


## ----------- ##
## Core tests. ##
## ----------- ##

configure:1989: checking for a BSD-compatible install
configure:2045: result: /usr/bin/install -c
configure:2056: checking whether build environment is sane
configure:2099: result: yes
configure:2127: checking for a thread-safe mkdir -p
configure:2166: result: ./install-sh -c -d
configure:2179: checking for gawk
configure:2209: result: no
configure:2179: checking for mawk
configure:2209: result: no
configure:2179: checking for nawk
configure:2209: result: no
configure:2179: checking for awk
configure:2195: found /usr/bin/awk
configure:2206: result: awk
configure:2217: checking whether make sets $(MAKE)
configure:2238: result: yes
configure:2427: checking whether to enable maintainer-specific portions of Makefiles
configure:2436: result: no
configure:2452: checking whether to enable debugging
configure:2466: result: no
configure:2529: checking for gcc
configure:2545: found /usr/bin/gcc
configure:2556: result: gcc
configure:2794: checking for C compiler version
configure:2801: gcc --version >&5
i686-apple-darwin10-gcc-4.2.1 (GCC) 4.2.1 (Apple Inc. build 5646) (dot 1)
Copyright (C) 2007 Free Software Foundation, Inc.
This is free software; see the source for copying conditions.  There is NO
warranty; not even for MERCHANTABILITY or FITNESS FOR A PARTICULAR PURPOSE.

configure:2804: $? = 0
configure:2811: gcc -v >&5
Using built-in specs.
Target: i686-apple-darwin10
Configured with: /var/tmp/gcc/gcc-5646.1~2/src/configure --disable-checking --enable-werror --prefix=/usr --mandir=/share/man --enable-languages=c,objc,c++,obj-c++ --program-transform-name=/^[cg][^.-]*$/s/$/-4.2/ --with-slibdir=/usr/lib --build=i686-apple-darwin10 --with-gxx-include-dir=/include/c++/4.2.1 --program-prefix=i686-apple-darwin10- --host=x86_64-apple-darwin10 --target=i686-apple-darwin10
Thread model: posix
gcc version 4.2.1 (Apple Inc. build 5646) (dot 1)
configure:2814: $? = 0
configure:2821: gcc -V >&5
gcc-4.2: argument to `-V' is missing
configure:2824: $? = 1
configure:2847: checking for C compiler default output file name
configure:2874: gcc    conftest.c  >&5
configure:2877: $? = 0
configure:2915: result: a.out
configure:2932: checking whether the C compiler works
configure:2942: ./a.out
configure:2945: $? = 0
configure:2962: result: yes
configure:2969: checking whether we are cross compiling
configure:2971: result: no
configure:2974: checking for suffix of executables
configure:2981: gcc -o conftest    conftest.c  >&5
configure:2984: $? = 0
configure:3008: result: 
configure:3014: checking for suffix of object files
configure:3040: gcc -c   conftest.c >&5
configure:3043: $? = 0
configure:3066: result: o
configure:3070: checking whether we are using the GNU C compiler
configure:3099: gcc -c   conftest.c >&5
configure:3105: $? = 0
configure:3122: result: yes
configure:3127: checking whether gcc accepts -g
configure:3157: gcc -c -g  conftest.c >&5
configure:3163: $? = 0
configure:3262: result: yes
configure:3279: checking for gcc option to accept ISO C89
configure:3353: gcc  -c   conftest.c >&5
configure:3359: $? = 0
configure:3382: result: none needed
configure:3411: checking for style of include used by make
configure:3439: result: GNU
configure:3464: checking dependency style of gcc
configure:3555: result: gcc3
configure:3570: checking whether ln -s works
configure:3574: result: yes
configure:3659: checking build system type
configure:3677: result: i386-apple-darwin10.0.0
configure:3699: checking host system type
configure:3714: result: i386-apple-darwin10.0.0
configure:3736: checking for a sed that does not truncate output
configure:3792: result: /usr/bin/sed
configure:3795: checking for grep that handles long lines and -e
configure:3869: result: /usr/bin/grep
configure:3874: checking for egrep
configure:3952: result: /usr/bin/grep -E
configure:3968: checking for ld used by gcc
configure:4035: result: /usr/libexec/gcc/i686-apple-darwin10/4.2.1/ld
configure:4044: checking if the linker (/usr/libexec/gcc/i686-apple-darwin10/4.2.1/ld) is GNU ld
configure:4059: result: no
configure:4064: checking for /usr/libexec/gcc/i686-apple-darwin10/4.2.1/ld option to reload object files
configure:4071: result: -r
configure:4089: checking for BSD-compatible nm
configure:4138: result: /usr/bin/nm
configure:4142: checking how to recognize dependent libraries
configure:4328: result: pass_all
configure:4573: checking how to run the C preprocessor
configure:4613: gcc -E  conftest.c
configure:4619: $? = 0
configure:4650: gcc -E  conftest.c
conftest.c:11:28: error: ac_nonexistent.h: No such file or directory
configure:4656: $? = 1
configure: failed program was:
| /* confdefs.h.  */
| #define PACKAGE_NAME "libicns"
| #define PACKAGE_TARNAME "libicns"
| #define PACKAGE_VERSION "0.5.9"
| #define PACKAGE_STRING "libicns 0.5.9"
| #define PACKAGE_BUGREPORT "mathew@eisbox.net"
| #define PACKAGE "libicns"
| #define VERSION "0.5.9"
| #define _GNU_SOURCE 1
| /* end confdefs.h.  */
| #include <ac_nonexistent.h>
configure:4689: result: gcc -E
configure:4718: gcc -E  conftest.c
configure:4724: $? = 0
configure:4755: gcc -E  conftest.c
conftest.c:11:28: error: ac_nonexistent.h: No such file or directory
configure:4761: $? = 1
configure: failed program was:
| /* confdefs.h.  */
| #define PACKAGE_NAME "libicns"
| #define PACKAGE_TARNAME "libicns"
| #define PACKAGE_VERSION "0.5.9"
| #define PACKAGE_STRING "libicns 0.5.9"
| #define PACKAGE_BUGREPORT "mathew@eisbox.net"
| #define PACKAGE "libicns"
| #define VERSION "0.5.9"
| #define _GNU_SOURCE 1
| /* end confdefs.h.  */
| #include <ac_nonexistent.h>
configure:4799: checking for ANSI C header files
configure:4829: gcc -c   conftest.c >&5
configure:4835: $? = 0
configure:4934: gcc -o conftest    conftest.c  >&5
configure:4937: $? = 0
configure:4943: ./conftest
configure:4946: $? = 0
configure:4963: result: yes
configure:4987: checking for sys/types.h
configure:5008: gcc -c   conftest.c >&5
configure:5014: $? = 0
configure:5030: result: yes
configure:4987: checking for sys/stat.h
configure:5008: gcc -c   conftest.c >&5
configure:5014: $? = 0
configure:5030: result: yes
configure:4987: checking for stdlib.h
configure:5008: gcc -c   conftest.c >&5
configure:5014: $? = 0
configure:5030: result: yes
configure:4987: checking for string.h
configure:5008: gcc -c   conftest.c >&5
configure:5014: $? = 0
configure:5030: result: yes
configure:4987: checking for memory.h
configure:5008: gcc -c   conftest.c >&5
configure:5014: $? = 0
configure:5030: result: yes
configure:4987: checking for strings.h
configure:5008: gcc -c   conftest.c >&5
configure:5014: $? = 0
configure:5030: result: yes
configure:4987: checking for inttypes.h
configure:5008: gcc -c   conftest.c >&5
configure:5014: $? = 0
configure:5030: result: yes
configure:4987: checking for stdint.h
configure:5008: gcc -c   conftest.c >&5
configure:5014: $? = 0
configure:5030: result: yes
configure:4987: checking for unistd.h
configure:5008: gcc -c   conftest.c >&5
configure:5014: $? = 0
configure:5030: result: yes
configure:5057: checking dlfcn.h usability
configure:5074: gcc -c   conftest.c >&5
configure:5080: $? = 0
configure:5094: result: yes
configure:5098: checking dlfcn.h presence
configure:5113: gcc -E  conftest.c
configure:5119: $? = 0
configure:5133: result: yes
configure:5166: checking for dlfcn.h
configure:5174: result: yes
configure:5245: checking for g++
configure:5261: found /usr/bin/g++
configure:5272: result: g++
configure:5303: checking for C++ compiler version
configure:5310: g++ --version >&5
i686-apple-darwin10-g++-4.2.1 (GCC) 4.2.1 (Apple Inc. build 5646) (dot 1)
Copyright (C) 2007 Free Software Foundation, Inc.
This is free software; see the source for copying conditions.  There is NO
warranty; not even for MERCHANTABILITY or FITNESS FOR A PARTICULAR PURPOSE.

configure:5313: $? = 0
configure:5320: g++ -v >&5
Using built-in specs.
Target: i686-apple-darwin10
Configured with: /var/tmp/gcc/gcc-5646.1~2/src/configure --disable-checking --enable-werror --prefix=/usr --mandir=/share/man --enable-languages=c,objc,c++,obj-c++ --program-transform-name=/^[cg][^.-]*$/s/$/-4.2/ --with-slibdir=/usr/lib --build=i686-apple-darwin10 --with-gxx-include-dir=/include/c++/4.2.1 --program-prefix=i686-apple-darwin10- --host=x86_64-apple-darwin10 --target=i686-apple-darwin10
Thread model: posix
gcc version 4.2.1 (Apple Inc. build 5646) (dot 1)
configure:5323: $? = 0
configure:5330: g++ -V >&5
g++-4.2: argument to `-V' is missing
configure:5333: $? = 1
configure:5336: checking whether we are using the GNU C++ compiler
configure:5365: g++ -c   conftest.cpp >&5
configure:5371: $? = 0
configure:5388: result: yes
configure:5393: checking whether g++ accepts -g
configure:5423: g++ -c -g  conftest.cpp >&5
configure:5429: $? = 0
configure:5528: result: yes
configure:5553: checking dependency style of g++
configure:5644: result: gcc3
configure:5669: checking how to run the C++ preprocessor
configure:5705: g++ -E  conftest.cpp
configure:5711: $? = 0
configure:5742: g++ -E  conftest.cpp
conftest.cpp:22:28: error: ac_nonexistent.h: No such file or directory
configure:5748: $? = 1
configure: failed program was:
| /* confdefs.h.  */
| #define PACKAGE_NAME "libicns"
| #define PACKAGE_TARNAME "libicns"
| #define PACKAGE_VERSION "0.5.9"
| #define PACKAGE_STRING "libicns 0.5.9"
| #define PACKAGE_BUGREPORT "mathew@eisbox.net"
| #define PACKAGE "libicns"
| #define VERSION "0.5.9"
| #define _GNU_SOURCE 1
| #define STDC_HEADERS 1
| #define HAVE_SYS_TYPES_H 1
| #define HAVE_SYS_STAT_H 1
| #define HAVE_STDLIB_H 1
| #define HAVE_STRING_H 1
| #define HAVE_MEMORY_H 1
| #define HAVE_STRINGS_H 1
| #define HAVE_INTTYPES_H 1
| #define HAVE_STDINT_H 1
| #define HAVE_UNISTD_H 1
| #define HAVE_DLFCN_H 1
| /* end confdefs.h.  */
| #include <ac_nonexistent.h>
configure:5781: result: g++ -E
configure:5810: g++ -E  conftest.cpp
configure:5816: $? = 0
configure:5847: g++ -E  conftest.cpp
conftest.cpp:22:28: error: ac_nonexistent.h: No such file or directory
configure:5853: $? = 1
configure: failed program was:
| /* confdefs.h.  */
| #define PACKAGE_NAME "libicns"
| #define PACKAGE_TARNAME "libicns"
| #define PACKAGE_VERSION "0.5.9"
| #define PACKAGE_STRING "libicns 0.5.9"
| #define PACKAGE_BUGREPORT "mathew@eisbox.net"
| #define PACKAGE "libicns"
| #define VERSION "0.5.9"
| #define _GNU_SOURCE 1
| #define STDC_HEADERS 1
| #define HAVE_SYS_TYPES_H 1
| #define HAVE_SYS_STAT_H 1
| #define HAVE_STDLIB_H 1
| #define HAVE_STRING_H 1
| #define HAVE_MEMORY_H 1
| #define HAVE_STRINGS_H 1
| #define HAVE_INTTYPES_H 1
| #define HAVE_STDINT_H 1
| #define HAVE_UNISTD_H 1
| #define HAVE_DLFCN_H 1
| /* end confdefs.h.  */
| #include <ac_nonexistent.h>
configure:5946: checking for g77
configure:5976: result: no
configure:5946: checking for xlf
configure:5976: result: no
configure:5946: checking for f77
configure:5976: result: no
configure:5946: checking for frt
configure:5976: result: no
configure:5946: checking for pgf77
configure:5976: result: no
configure:5946: checking for cf77
configure:5976: result: no
configure:5946: checking for fort77
configure:5976: result: no
configure:5946: checking for fl32
configure:5976: result: no
configure:5946: checking for af77
configure:5976: result: no
configure:5946: checking for xlf90
configure:5976: result: no
configure:5946: checking for f90
configure:5976: result: no
configure:5946: checking for pgf90
configure:5976: result: no
configure:5946: checking for pghpf
configure:5976: result: no
configure:5946: checking for epcf90
configure:5976: result: no
configure:5946: checking for gfortran
configure:5976: result: no
configure:5946: checking for g95
configure:5976: result: no
configure:5946: checking for xlf95
configure:5976: result: no
configure:5946: checking for f95
configure:5976: result: no
configure:5946: checking for fort
configure:5976: result: no
configure:5946: checking for ifort
configure:5976: result: no
configure:5946: checking for ifc
configure:5976: result: no
configure:5946: checking for efc
configure:5976: result: no
configure:5946: checking for pgf95
configure:5976: result: no
configure:5946: checking for lf95
configure:5976: result: no
configure:5946: checking for ftn
configure:5976: result: no
configure:6003: checking for Fortran 77 compiler version
configure:6010:  --version >&5
./configure: line 6011: --version: command not found
configure:6013: $? = 127
configure:6020:  -v >&5
./configure: line 6021: -v: command not found
configure:6023: $? = 127
configure:6030:  -V >&5
./configure: line 6031: -V: command not found
configure:6033: $? = 127
configure:6041: checking whether we are using the GNU Fortran 77 compiler
configure:6060:  -c  conftest.F >&5
./configure: line 6061: -c: command not found
configure:6066: $? = 127
configure: failed program was:
|       program main
| #ifndef __GNUC__
|        choke me
| #endif
| 
|       end
configure:6083: result: no
configure:6089: checking whether  accepts -g
configure:6106:  -c -g conftest.f >&5
./configure: line 6107: -c: command not found
configure:6112: $? = 127
configure: failed program was:
|       program main
| 
|       end
configure:6128: result: no
configure:6157: checking the maximum length of command line arguments
configure:6269: result: 196608
configure:6281: checking command to parse /usr/bin/nm output from gcc object
configure:6386: gcc -c   conftest.c >&5
configure:6389: $? = 0
configure:6393: /usr/bin/nm conftest.o \| sed -n -e 's/^.*[ 	]\([BCDEGRST][BCDEGRST]*\)[ 	][ 	]*\([_A-Za-z][_A-Za-z0-9]*\)$/\1 \2 \2/p' \> conftest.nm
configure:6396: $? = 0
cannot find nm_test_var in conftest.nm
configure:6386: gcc -c   conftest.c >&5
configure:6389: $? = 0
configure:6393: /usr/bin/nm conftest.o \| sed -n -e 's/^.*[ 	]\([BCDEGRST][BCDEGRST]*\)[ 	][ 	]*_\([_A-Za-z][_A-Za-z0-9]*\)$/\1 _\2 \2/p' \> conftest.nm
configure:6396: $? = 0
configure:6448: gcc -o conftest    conftest.c conftstm.o >&5
configure:6451: $? = 0
configure:6489: result: ok
configure:6493: checking for objdir
configure:6508: result: .libs
configure:6600: checking for ar
configure:6616: found /usr/bin/ar
configure:6627: result: ar
configure:6696: checking for ranlib
configure:6712: found /usr/bin/ranlib
configure:6723: result: ranlib
configure:6792: checking for strip
configure:6808: found /usr/bin/strip
configure:6819: result: strip
configure:7076: checking for dsymutil
configure:7092: found /usr/bin/dsymutil
configure:7103: result: dsymutil
configure:7172: checking for nmedit
configure:7188: found /usr/bin/nmedit
configure:7199: result: nmedit
configure:7226: checking for -single_module linker flag
configure:7247: result: yes
configure:7249: checking for -exported_symbols_list linker flag
configure:7279: gcc -o conftest    -Wl,-exported_symbols_list,conftest.sym conftest.c  >&5
configure:7285: $? = 0
configure:7304: result: yes
configure:7417: checking if gcc supports -fno-rtti -fno-exceptions
configure:7435: gcc -c   -fno-rtti -fno-exceptions conftest.c >&5
cc1: warning: command line option "-fno-rtti" is valid for C++/ObjC++ but not for C
configure:7439: $? = 0
configure:7452: result: no
configure:7467: checking for gcc option to produce PIC
configure:7699: result: -fno-common
configure:7707: checking if gcc PIC flag -fno-common works
configure:7725: gcc -c   -fno-common -DPIC conftest.c >&5
configure:7729: $? = 0
configure:7742: result: yes
configure:7770: checking if gcc static flag -static works
configure:7798: result: no
configure:7808: checking if gcc supports -c -o file.o
configure:7829: gcc -c   -o out/conftest2.o conftest.c >&5
configure:7833: $? = 0
configure:7855: result: yes
configure:7881: checking whether the gcc linker (/usr/libexec/gcc/i686-apple-darwin10/4.2.1/ld) supports shared libraries
configure:8862: result: yes
configure:8929: checking dynamic linker characteristics
configure:9543: result: darwin10.0.0 dyld
configure:9567: checking how to hardcode library paths into programs
configure:9592: result: immediate
configure:9606: checking whether stripping libraries is possible
configure:9620: result: yes
configure:10413: checking if libtool supports shared libraries
configure:10415: result: yes
configure:10418: checking whether to build shared libraries
configure:10439: result: yes
configure:10442: checking whether to build static libraries
configure:10446: result: yes
configure:10540: creating libtool
configure:11133: checking for ld used by g++
configure:11200: result: /usr/libexec/gcc/i686-apple-darwin10/4.2.1/ld
configure:11209: checking if the linker (/usr/libexec/gcc/i686-apple-darwin10/4.2.1/ld) is GNU ld
configure:11224: result: no
configure:11275: checking whether the g++ linker (/usr/libexec/gcc/i686-apple-darwin10/4.2.1/ld) supports shared libraries
configure:12221: result: yes
configure:12238: g++ -c -g -O2  conftest.cpp >&5
configure:12241: $? = 0
configure:12397: checking for g++ option to produce PIC
configure:12681: result: -fno-common
configure:12689: checking if g++ PIC flag -fno-common works
configure:12707: g++ -c -g -O2  -fno-common -DPIC conftest.cpp >&5
configure:12711: $? = 0
configure:12724: result: yes
configure:12752: checking if g++ static flag -static works
configure:12780: result: no
configure:12790: checking if g++ supports -c -o file.o
configure:12811: g++ -c -g -O2  -o out/conftest2.o conftest.cpp >&5
configure:12815: $? = 0
configure:12837: result: yes
configure:12863: checking whether the g++ linker (/usr/libexec/gcc/i686-apple-darwin10/4.2.1/ld) supports shared libraries
configure:12892: result: yes
configure:12959: checking dynamic linker characteristics
configure:13521: result: darwin10.0.0 dyld
configure:13545: checking how to hardcode library paths into programs
configure:13570: result: immediate
configure:19819: checking for ANSI C header files
configure:19983: result: yes
configure:19998: checking for stdint.h
configure:20004: result: yes
configure:20153: checking getopt.h usability
configure:20170: gcc -c   conftest.c >&5
configure:20176: $? = 0
configure:20190: result: yes
configure:20194: checking getopt.h presence
configure:20209: gcc -E  conftest.c
configure:20215: $? = 0
configure:20229: result: yes
configure:20262: checking for getopt.h
configure:20270: result: yes
configure:20285: checking for inline
configure:20311: gcc -c   conftest.c >&5
configure:20317: $? = 0
configure:20335: result: inline
configure:20354: checking for an ANSI C-conforming const
configure:20429: gcc -c   conftest.c >&5
configure:20435: $? = 0
configure:20450: result: yes
configure:20460: checking whether byte ordering is bigendian
configure:20493: gcc -c   conftest.c >&5
configure:20499: $? = 0
configure:20531: gcc -c   conftest.c >&5
conftest.c: In function 'main':
conftest.c:32: error: 'not' undeclared (first use in this function)
conftest.c:32: error: (Each undeclared identifier is reported only once
conftest.c:32: error: for each function it appears in.)
conftest.c:32: error: expected ';' before 'big'
configure:20537: $? = 1
configure: failed program was:
| /* confdefs.h.  */
| #define PACKAGE_NAME "libicns"
| #define PACKAGE_TARNAME "libicns"
| #define PACKAGE_VERSION "0.5.9"
| #define PACKAGE_STRING "libicns 0.5.9"
| #define PACKAGE_BUGREPORT "mathew@eisbox.net"
| #define PACKAGE "libicns"
| #define VERSION "0.5.9"
| #define _GNU_SOURCE 1
| #define STDC_HEADERS 1
| #define HAVE_SYS_TYPES_H 1
| #define HAVE_SYS_STAT_H 1
| #define HAVE_STDLIB_H 1
| #define HAVE_STRING_H 1
| #define HAVE_MEMORY_H 1
| #define HAVE_STRINGS_H 1
| #define HAVE_INTTYPES_H 1
| #define HAVE_STDINT_H 1
| #define HAVE_UNISTD_H 1
| #define HAVE_DLFCN_H 1
| #define STDC_HEADERS 1
| #define HAVE_STDINT_H 1
| #define HAVE_GETOPT_H 1
| /* end confdefs.h.  */
| #include <sys/types.h>
| #include <sys/param.h>
| 
| int
| main ()
| {
| #if BYTE_ORDER != BIG_ENDIAN
|  not big endian
| #endif
| 
|   ;
|   return 0;
| }
configure:20677: result: no
configure:20696: checking for off_t
configure:20726: gcc -c   conftest.c >&5
configure:20732: $? = 0
configure:20747: result: yes
configure:20759: checking for size_t
configure:20789: gcc -c   conftest.c >&5
configure:20795: $? = 0
configure:20810: result: yes
configure:20822: checking for mode_t
configure:20852: gcc -c   conftest.c >&5
configure:20858: $? = 0
configure:20873: result: yes
configure:20887: checking for pid_t
configure:20917: gcc -c   conftest.c >&5
configure:20923: $? = 0
configure:20938: result: yes
configure:20965: checking vfork.h usability
configure:20982: gcc -c   conftest.c >&5
conftest.c:58:19: error: vfork.h: No such file or directory
configure:20988: $? = 1
configure: failed program was:
| /* confdefs.h.  */
| #define PACKAGE_NAME "libicns"
| #define PACKAGE_TARNAME "libicns"
| #define PACKAGE_VERSION "0.5.9"
| #define PACKAGE_STRING "libicns 0.5.9"
| #define PACKAGE_BUGREPORT "mathew@eisbox.net"
| #define PACKAGE "libicns"
| #define VERSION "0.5.9"
| #define _GNU_SOURCE 1
| #define STDC_HEADERS 1
| #define HAVE_SYS_TYPES_H 1
| #define HAVE_SYS_STAT_H 1
| #define HAVE_STDLIB_H 1
| #define HAVE_STRING_H 1
| #define HAVE_MEMORY_H 1
| #define HAVE_STRINGS_H 1
| #define HAVE_INTTYPES_H 1
| #define HAVE_STDINT_H 1
| #define HAVE_UNISTD_H 1
| #define HAVE_DLFCN_H 1
| #define STDC_HEADERS 1
| #define HAVE_STDINT_H 1
| #define HAVE_GETOPT_H 1
| /* end confdefs.h.  */
| #include <stdio.h>
| #ifdef HAVE_SYS_TYPES_H
| # include <sys/types.h>
| #endif
| #ifdef HAVE_SYS_STAT_H
| # include <sys/stat.h>
| #endif
| #ifdef STDC_HEADERS
| # include <stdlib.h>
| # include <stddef.h>
| #else
| # ifdef HAVE_STDLIB_H
| #  include <stdlib.h>
| # endif
| #endif
| #ifdef HAVE_STRING_H
| # if !defined STDC_HEADERS && defined HAVE_MEMORY_H
| #  include <memory.h>
| # endif
| # include <string.h>
| #endif
| #ifdef HAVE_STRINGS_H
| # include <strings.h>
| #endif
| #ifdef HAVE_INTTYPES_H
| # include <inttypes.h>
| #endif
| #ifdef HAVE_STDINT_H
| # include <stdint.h>
| #endif
| #ifdef HAVE_UNISTD_H
| # include <unistd.h>
| #endif
| #include <vfork.h>
configure:21002: result: no
configure:21006: checking vfork.h presence
configure:21021: gcc -E  conftest.c
conftest.c:25:19: error: vfork.h: No such file or directory
configure:21027: $? = 1
configure: failed program was:
| /* confdefs.h.  */
| #define PACKAGE_NAME "libicns"
| #define PACKAGE_TARNAME "libicns"
| #define PACKAGE_VERSION "0.5.9"
| #define PACKAGE_STRING "libicns 0.5.9"
| #define PACKAGE_BUGREPORT "mathew@eisbox.net"
| #define PACKAGE "libicns"
| #define VERSION "0.5.9"
| #define _GNU_SOURCE 1
| #define STDC_HEADERS 1
| #define HAVE_SYS_TYPES_H 1
| #define HAVE_SYS_STAT_H 1
| #define HAVE_STDLIB_H 1
| #define HAVE_STRING_H 1
| #define HAVE_MEMORY_H 1
| #define HAVE_STRINGS_H 1
| #define HAVE_INTTYPES_H 1
| #define HAVE_STDINT_H 1
| #define HAVE_UNISTD_H 1
| #define HAVE_DLFCN_H 1
| #define STDC_HEADERS 1
| #define HAVE_STDINT_H 1
| #define HAVE_GETOPT_H 1
| /* end confdefs.h.  */
| #include <vfork.h>
configure:21041: result: no
configure:21074: checking for vfork.h
configure:21082: result: no
configure:21100: checking for fork
configure:21156: gcc -o conftest    conftest.c  >&5
conftest.c:48: warning: conflicting types for built-in function 'fork'
configure:21162: $? = 0
configure:21180: result: yes
configure:21100: checking for vfork
configure:21156: gcc -o conftest    conftest.c  >&5
configure:21162: $? = 0
configure:21180: result: yes
configure:21191: checking for working fork
configure:21223: gcc -o conftest    conftest.c  >&5
configure:21226: $? = 0
configure:21232: ./conftest
configure:21235: $? = 0
configure:21251: result: yes
configure:21272: checking for working vfork
configure:21410: result: yes
configure:21442: checking for getopt_long in -lgetopt
configure:21477: gcc -o conftest    conftest.c -lgetopt   >&5
ld: library not found for -lgetopt
collect2: ld returned 1 exit status
configure:21483: $? = 1
configure: failed program was:
| /* confdefs.h.  */
| #define PACKAGE_NAME "libicns"
| #define PACKAGE_TARNAME "libicns"
| #define PACKAGE_VERSION "0.5.9"
| #define PACKAGE_STRING "libicns 0.5.9"
| #define PACKAGE_BUGREPORT "mathew@eisbox.net"
| #define PACKAGE "libicns"
| #define VERSION "0.5.9"
| #define _GNU_SOURCE 1
| #define STDC_HEADERS 1
| #define HAVE_SYS_TYPES_H 1
| #define HAVE_SYS_STAT_H 1
| #define HAVE_STDLIB_H 1
| #define HAVE_STRING_H 1
| #define HAVE_MEMORY_H 1
| #define HAVE_STRINGS_H 1
| #define HAVE_INTTYPES_H 1
| #define HAVE_STDINT_H 1
| #define HAVE_UNISTD_H 1
| #define HAVE_DLFCN_H 1
| #define STDC_HEADERS 1
| #define HAVE_STDINT_H 1
| #define HAVE_GETOPT_H 1
| #define HAVE_FORK 1
| #define HAVE_VFORK 1
| #define HAVE_WORKING_VFORK 1
| #define HAVE_WORKING_FORK 1
| /* end confdefs.h.  */
| 
| /* Override any GCC internal prototype to avoid an error.
|    Use char because int might match the return type of a GCC
|    builtin and then its argument prototype would still apply.  */
| #ifdef __cplusplus
| extern "C"
| #endif
| char getopt_long ();
| int
| main ()
| {
| return getopt_long ();
|   ;
|   return 0;
| }
configure:21501: result: no
configure:21514: checking for png_create_read_struct in -lpng
configure:21549: gcc -o conftest    conftest.c -lpng   >&5
configure:21555: $? = 0
configure:21573: result: yes
configure:21748: checking png.h usability
configure:21765: gcc -c   conftest.c >&5
configure:21771: $? = 0
configure:21785: result: yes
configure:21789: checking png.h presence
configure:21804: gcc -E  conftest.c
configure:21810: $? = 0
configure:21824: result: yes
configure:21857: checking for png.h
configure:21865: result: yes
configure:21748: checking libpng/png.h usability
configure:21765: gcc -c   conftest.c >&5
conftest.c:63:24: error: libpng/png.h: No such file or directory
configure:21771: $? = 1
configure: failed program was:
| /* confdefs.h.  */
| #define PACKAGE_NAME "libicns"
| #define PACKAGE_TARNAME "libicns"
| #define PACKAGE_VERSION "0.5.9"
| #define PACKAGE_STRING "libicns 0.5.9"
| #define PACKAGE_BUGREPORT "mathew@eisbox.net"
| #define PACKAGE "libicns"
| #define VERSION "0.5.9"
| #define _GNU_SOURCE 1
| #define STDC_HEADERS 1
| #define HAVE_SYS_TYPES_H 1
| #define HAVE_SYS_STAT_H 1
| #define HAVE_STDLIB_H 1
| #define HAVE_STRING_H 1
| #define HAVE_MEMORY_H 1
| #define HAVE_STRINGS_H 1
| #define HAVE_INTTYPES_H 1
| #define HAVE_STDINT_H 1
| #define HAVE_UNISTD_H 1
| #define HAVE_DLFCN_H 1
| #define STDC_HEADERS 1
| #define HAVE_STDINT_H 1
| #define HAVE_GETOPT_H 1
| #define HAVE_FORK 1
| #define HAVE_VFORK 1
| #define HAVE_WORKING_VFORK 1
| #define HAVE_WORKING_FORK 1
| #define HAVE_PNG_H 1
| /* end confdefs.h.  */
| #include <stdio.h>
| #ifdef HAVE_SYS_TYPES_H
| # include <sys/types.h>
| #endif
| #ifdef HAVE_SYS_STAT_H
| # include <sys/stat.h>
| #endif
| #ifdef STDC_HEADERS
| # include <stdlib.h>
| # include <stddef.h>
| #else
| # ifdef HAVE_STDLIB_H
| #  include <stdlib.h>
| # endif
| #endif
| #ifdef HAVE_STRING_H
| # if !defined STDC_HEADERS && defined HAVE_MEMORY_H
| #  include <memory.h>
| # endif
| # include <string.h>
| #endif
| #ifdef HAVE_STRINGS_H
| # include <strings.h>
| #endif
| #ifdef HAVE_INTTYPES_H
| # include <inttypes.h>
| #endif
| #ifdef HAVE_STDINT_H
| # include <stdint.h>
| #endif
| #ifdef HAVE_UNISTD_H
| # include <unistd.h>
| #endif
| #include <libpng/png.h>
configure:21785: result: no
configure:21789: checking libpng/png.h presence
configure:21804: gcc -E  conftest.c
conftest.c:30:24: error: libpng/png.h: No such file or directory
configure:21810: $? = 1
configure: failed program was:
| /* confdefs.h.  */
| #define PACKAGE_NAME "libicns"
| #define PACKAGE_TARNAME "libicns"
| #define PACKAGE_VERSION "0.5.9"
| #define PACKAGE_STRING "libicns 0.5.9"
| #define PACKAGE_BUGREPORT "mathew@eisbox.net"
| #define PACKAGE "libicns"
| #define VERSION "0.5.9"
| #define _GNU_SOURCE 1
| #define STDC_HEADERS 1
| #define HAVE_SYS_TYPES_H 1
| #define HAVE_SYS_STAT_H 1
| #define HAVE_STDLIB_H 1
| #define HAVE_STRING_H 1
| #define HAVE_MEMORY_H 1
| #define HAVE_STRINGS_H 1
| #define HAVE_INTTYPES_H 1
| #define HAVE_STDINT_H 1
| #define HAVE_UNISTD_H 1
| #define HAVE_DLFCN_H 1
| #define STDC_HEADERS 1
| #define HAVE_STDINT_H 1
| #define HAVE_GETOPT_H 1
| #define HAVE_FORK 1
| #define HAVE_VFORK 1
| #define HAVE_WORKING_VFORK 1
| #define HAVE_WORKING_FORK 1
| #define HAVE_PNG_H 1
| /* end confdefs.h.  */
| #include <libpng/png.h>
configure:21824: result: no
configure:21857: checking for libpng/png.h
configure:21865: result: no
configure:21748: checking libpng10/png.h usability
configure:21765: gcc -c   conftest.c >&5
conftest.c:63:26: error: libpng10/png.h: No such file or directory
configure:21771: $? = 1
configure: failed program was:
| /* confdefs.h.  */
| #define PACKAGE_NAME "libicns"
| #define PACKAGE_TARNAME "libicns"
| #define PACKAGE_VERSION "0.5.9"
| #define PACKAGE_STRING "libicns 0.5.9"
| #define PACKAGE_BUGREPORT "mathew@eisbox.net"
| #define PACKAGE "libicns"
| #define VERSION "0.5.9"
| #define _GNU_SOURCE 1
| #define STDC_HEADERS 1
| #define HAVE_SYS_TYPES_H 1
| #define HAVE_SYS_STAT_H 1
| #define HAVE_STDLIB_H 1
| #define HAVE_STRING_H 1
| #define HAVE_MEMORY_H 1
| #define HAVE_STRINGS_H 1
| #define HAVE_INTTYPES_H 1
| #define HAVE_STDINT_H 1
| #define HAVE_UNISTD_H 1
| #define HAVE_DLFCN_H 1
| #define STDC_HEADERS 1
| #define HAVE_STDINT_H 1
| #define HAVE_GETOPT_H 1
| #define HAVE_FORK 1
| #define HAVE_VFORK 1
| #define HAVE_WORKING_VFORK 1
| #define HAVE_WORKING_FORK 1
| #define HAVE_PNG_H 1
| /* end confdefs.h.  */
| #include <stdio.h>
| #ifdef HAVE_SYS_TYPES_H
| # include <sys/types.h>
| #endif
| #ifdef HAVE_SYS_STAT_H
| # include <sys/stat.h>
| #endif
| #ifdef STDC_HEADERS
| # include <stdlib.h>
| # include <stddef.h>
| #else
| # ifdef HAVE_STDLIB_H
| #  include <stdlib.h>
| # endif
| #endif
| #ifdef HAVE_STRING_H
| # if !defined STDC_HEADERS && defined HAVE_MEMORY_H
| #  include <memory.h>
| # endif
| # include <string.h>
| #endif
| #ifdef HAVE_STRINGS_H
| # include <strings.h>
| #endif
| #ifdef HAVE_INTTYPES_H
| # include <inttypes.h>
| #endif
| #ifdef HAVE_STDINT_H
| # include <stdint.h>
| #endif
| #ifdef HAVE_UNISTD_H
| # include <unistd.h>
| #endif
| #include <libpng10/png.h>
configure:21785: result: no
configure:21789: checking libpng10/png.h presence
configure:21804: gcc -E  conftest.c
conftest.c:30:26: error: libpng10/png.h: No such file or directory
configure:21810: $? = 1
configure: failed program was:
| /* confdefs.h.  */
| #define PACKAGE_NAME "libicns"
| #define PACKAGE_TARNAME "libicns"
| #define PACKAGE_VERSION "0.5.9"
| #define PACKAGE_STRING "libicns 0.5.9"
| #define PACKAGE_BUGREPORT "mathew@eisbox.net"
| #define PACKAGE "libicns"
| #define VERSION "0.5.9"
| #define _GNU_SOURCE 1
| #define STDC_HEADERS 1
| #define HAVE_SYS_TYPES_H 1
| #define HAVE_SYS_STAT_H 1
| #define HAVE_STDLIB_H 1
| #define HAVE_STRING_H 1
| #define HAVE_MEMORY_H 1
| #define HAVE_STRINGS_H 1
| #define HAVE_INTTYPES_H 1
| #define HAVE_STDINT_H 1
| #define HAVE_UNISTD_H 1
| #define HAVE_DLFCN_H 1
| #define STDC_HEADERS 1
| #define HAVE_STDINT_H 1
| #define HAVE_GETOPT_H 1
| #define HAVE_FORK 1
| #define HAVE_VFORK 1
| #define HAVE_WORKING_VFORK 1
| #define HAVE_WORKING_FORK 1
| #define HAVE_PNG_H 1
| /* end confdefs.h.  */
| #include <libpng10/png.h>
configure:21824: result: no
configure:21857: checking for libpng10/png.h
configure:21865: result: no
configure:21748: checking libpng12/png.h usability
configure:21765: gcc -c   conftest.c >&5
configure:21771: $? = 0
configure:21785: result: yes
configure:21789: checking libpng12/png.h presence
configure:21804: gcc -E  conftest.c
configure:21810: $? = 0
configure:21824: result: yes
configure:21857: checking for libpng12/png.h
configure:21865: result: yes
configure:21880: checking for jas_init in -ljasper
configure:21915: gcc -o conftest    conftest.c -ljasper   >&5
ld: library not found for -ljasper
collect2: ld returned 1 exit status
configure:21921: $? = 1
configure: failed program was:
| /* confdefs.h.  */
| #define PACKAGE_NAME "libicns"
| #define PACKAGE_TARNAME "libicns"
| #define PACKAGE_VERSION "0.5.9"
| #define PACKAGE_STRING "libicns 0.5.9"
| #define PACKAGE_BUGREPORT "mathew@eisbox.net"
| #define PACKAGE "libicns"
| #define VERSION "0.5.9"
| #define _GNU_SOURCE 1
| #define STDC_HEADERS 1
| #define HAVE_SYS_TYPES_H 1
| #define HAVE_SYS_STAT_H 1
| #define HAVE_STDLIB_H 1
| #define HAVE_STRING_H 1
| #define HAVE_MEMORY_H 1
| #define HAVE_STRINGS_H 1
| #define HAVE_INTTYPES_H 1
| #define HAVE_STDINT_H 1
| #define HAVE_UNISTD_H 1
| #define HAVE_DLFCN_H 1
| #define STDC_HEADERS 1
| #define HAVE_STDINT_H 1
| #define HAVE_GETOPT_H 1
| #define HAVE_FORK 1
| #define HAVE_VFORK 1
| #define HAVE_WORKING_VFORK 1
| #define HAVE_WORKING_FORK 1
| #define HAVE_PNG_H 1
| #define HAVE_LIBPNG12_PNG_H 1
| /* end confdefs.h.  */
| 
| /* Override any GCC internal prototype to avoid an error.
|    Use char because int might match the return type of a GCC
|    builtin and then its argument prototype would still apply.  */
| #ifdef __cplusplus
| extern "C"
| #endif
| char jas_init ();
| int
| main ()
| {
| return jas_init ();
|   ;
|   return 0;
| }
configure:21939: result: no
configure:22098: checking for opj_setup_decoder in -lopenjpeg2
configure:22133: gcc -o conftest    conftest.c -lopenjpeg2   >&5
ld: library not found for -lopenjpeg2
collect2: ld returned 1 exit status
configure:22139: $? = 1
configure: failed program was:
| /* confdefs.h.  */
| #define PACKAGE_NAME "libicns"
| #define PACKAGE_TARNAME "libicns"
| #define PACKAGE_VERSION "0.5.9"
| #define PACKAGE_STRING "libicns 0.5.9"
| #define PACKAGE_BUGREPORT "mathew@eisbox.net"
| #define PACKAGE "libicns"
| #define VERSION "0.5.9"
| #define _GNU_SOURCE 1
| #define STDC_HEADERS 1
| #define HAVE_SYS_TYPES_H 1
| #define HAVE_SYS_STAT_H 1
| #define HAVE_STDLIB_H 1
| #define HAVE_STRING_H 1
| #define HAVE_MEMORY_H 1
| #define HAVE_STRINGS_H 1
| #define HAVE_INTTYPES_H 1
| #define HAVE_STDINT_H 1
| #define HAVE_UNISTD_H 1
| #define HAVE_DLFCN_H 1
| #define STDC_HEADERS 1
| #define HAVE_STDINT_H 1
| #define HAVE_GETOPT_H 1
| #define HAVE_FORK 1
| #define HAVE_VFORK 1
| #define HAVE_WORKING_VFORK 1
| #define HAVE_WORKING_FORK 1
| #define HAVE_PNG_H 1
| #define HAVE_LIBPNG12_PNG_H 1
| /* end confdefs.h.  */
| 
| /* Override any GCC internal prototype to avoid an error.
|    Use char because int might match the return type of a GCC
|    builtin and then its argument prototype would still apply.  */
| #ifdef __cplusplus
| extern "C"
| #endif
| char opj_setup_decoder ();
| int
| main ()
| {
| return opj_setup_decoder ();
|   ;
|   return 0;
| }
configure:22157: result: no
configure:22316: checking for opj_setup_decoder in -lopenjpeg
configure:22351: gcc -o conftest    conftest.c -lopenjpeg   >&5
configure:22357: $? = 0
configure:22375: result: yes
configure:22396: checking openjpeg.h usability
configure:22413: gcc -c   conftest.c >&5
configure:22419: $? = 0
configure:22433: result: yes
configure:22437: checking openjpeg.h presence
configure:22452: gcc -E  conftest.c
configure:22458: $? = 0
configure:22472: result: yes
configure:22505: checking for openjpeg.h
configure:22513: result: yes
configure:22678: creating ./config.status

## ---------------------- ##
## Running config.status. ##
## ---------------------- ##

This file was extended by libicns config.status 0.5.9, which was
generated by GNU Autoconf 2.61.  Invocation command line was

  CONFIG_FILES    = 
  CONFIG_HEADERS  = 
  CONFIG_LINKS    = 
  CONFIG_COMMANDS = 
  $ ./config.status 

on fangorn.westlakelab.com

config.status:673: creating Makefile
config.status:673: creating libicns.spec
config.status:673: creating icnsutils/Makefile
config.status:673: creating src/Makefile
config.status:673: creating src/libicns.pc
config.status:673: creating config.h
config.status:912: config.h is unchanged
config.status:959: executing depfiles commands

## ---------------- ##
## Cache variables. ##
## ---------------- ##

ac_cv_build=i386-apple-darwin10.0.0
ac_cv_c_bigendian=no
ac_cv_c_compiler_gnu=yes
ac_cv_c_const=yes
ac_cv_c_inline=inline
ac_cv_cxx_compiler_gnu=yes
ac_cv_env_CCC_set=
ac_cv_env_CCC_value=
ac_cv_env_CC_set=
ac_cv_env_CC_value=
ac_cv_env_CFLAGS_set=
ac_cv_env_CFLAGS_value=
ac_cv_env_CPPFLAGS_set=
ac_cv_env_CPPFLAGS_value=
ac_cv_env_CPP_set=
ac_cv_env_CPP_value=
ac_cv_env_CXXCPP_set=
ac_cv_env_CXXCPP_value=
ac_cv_env_CXXFLAGS_set=
ac_cv_env_CXXFLAGS_value=
ac_cv_env_CXX_set=
ac_cv_env_CXX_value=
ac_cv_env_F77_set=
ac_cv_env_F77_value=
ac_cv_env_FFLAGS_set=
ac_cv_env_FFLAGS_value=
ac_cv_env_LDFLAGS_set=
ac_cv_env_LDFLAGS_value=
ac_cv_env_LIBS_set=
ac_cv_env_LIBS_value=
ac_cv_env_build_alias_set=
ac_cv_env_build_alias_value=
ac_cv_env_host_alias_set=
ac_cv_env_host_alias_value=
ac_cv_env_target_alias_set=
ac_cv_env_target_alias_value=
ac_cv_f77_compiler_gnu=no
ac_cv_func_fork=yes
ac_cv_func_fork_works=yes
ac_cv_func_vfork=yes
ac_cv_func_vfork_works=yes
ac_cv_header_dlfcn_h=yes
ac_cv_header_getopt_h=yes
ac_cv_header_inttypes_h=yes
ac_cv_header_libpng10_png_h=no
ac_cv_header_libpng12_png_h=yes
ac_cv_header_libpng_png_h=no
ac_cv_header_memory_h=yes
ac_cv_header_openjpeg_h=yes
ac_cv_header_png_h=yes
ac_cv_header_stdc=yes
ac_cv_header_stdint_h=yes
ac_cv_header_stdlib_h=yes
ac_cv_header_string_h=yes
ac_cv_header_strings_h=yes
ac_cv_header_sys_stat_h=yes
ac_cv_header_sys_types_h=yes
ac_cv_header_unistd_h=yes
ac_cv_header_vfork_h=no
ac_cv_host=i386-apple-darwin10.0.0
ac_cv_lib_getopt_getopt_long=no
ac_cv_lib_jasper_jas_init=no
ac_cv_lib_openjpeg2_opj_setup_decoder=no
ac_cv_lib_openjpeg_opj_setup_decoder=yes
ac_cv_lib_png_png_create_read_struct=yes
ac_cv_objext=o
ac_cv_path_EGREP='/usr/bin/grep -E'
ac_cv_path_GREP=/usr/bin/grep
ac_cv_path_install='/usr/bin/install -c'
ac_cv_prog_AWK=awk
ac_cv_prog_CPP='gcc -E'
ac_cv_prog_CXXCPP='g++ -E'
ac_cv_prog_ac_ct_AR=ar
ac_cv_prog_ac_ct_CC=gcc
ac_cv_prog_ac_ct_CXX=g++
ac_cv_prog_ac_ct_DSYMUTIL=dsymutil
ac_cv_prog_ac_ct_NMEDIT=nmedit
ac_cv_prog_ac_ct_RANLIB=ranlib
ac_cv_prog_ac_ct_STRIP=strip
ac_cv_prog_cc_c89=
ac_cv_prog_cc_g=yes
ac_cv_prog_cxx_g=yes
ac_cv_prog_f77_g=no
ac_cv_prog_make_make_set=yes
ac_cv_type_mode_t=yes
ac_cv_type_off_t=yes
ac_cv_type_pid_t=yes
ac_cv_type_size_t=yes
am_cv_CC_dependencies_compiler_type=gcc3
am_cv_CXX_dependencies_compiler_type=gcc3
lt_cv_apple_cc_single_mod=yes
lt_cv_deplibs_check_method=pass_all
lt_cv_file_magic_cmd='$MAGIC_CMD'
lt_cv_file_magic_test_file=
lt_cv_ld_exported_symbols_list=yes
lt_cv_ld_reload_flag=-r
lt_cv_objdir=.libs
lt_cv_path_LD=/usr/libexec/gcc/i686-apple-darwin10/4.2.1/ld
lt_cv_path_LDCXX=/usr/libexec/gcc/i686-apple-darwin10/4.2.1/ld
lt_cv_path_NM=/usr/bin/nm
lt_cv_path_SED=/usr/bin/sed
lt_cv_prog_compiler_c_o=yes
lt_cv_prog_compiler_c_o_CXX=yes
lt_cv_prog_compiler_pic_works=yes
lt_cv_prog_compiler_pic_works_CXX=yes
lt_cv_prog_compiler_rtti_exceptions=no
lt_cv_prog_compiler_static_works=no
lt_cv_prog_compiler_static_works_CXX=no
lt_cv_prog_gnu_ld=no
lt_cv_prog_gnu_ldcxx=no
lt_cv_sys_global_symbol_pipe='sed -n -e '\''s/^.*[ 	]\([BCDEGRST][BCDEGRST]*\)[ 	][ 	]*_\([_A-Za-z][_A-Za-z0-9]*\)$/\1 _\2 \2/p'\'''
lt_cv_sys_global_symbol_to_c_name_address='sed -n -e '\''s/^: \([^ ]*\) $/  {\"\1\", (lt_ptr) 0},/p'\'' -e '\''s/^[BCDEGRST] \([^ ]*\) \([^ ]*\)$/  {"\2", (lt_ptr) \&\2},/p'\'''
lt_cv_sys_global_symbol_to_cdecl='sed -n -e '\''s/^. .* \(.*\)$/extern int \1;/p'\'''
lt_cv_sys_lib_dlsearch_path_spec='/usr/local/lib /lib /usr/lib'
lt_cv_sys_lib_search_path_spec='/usr/lib/gcc/i686-apple-darwin10/4.2.1/x86_64 /usr/lib/i686-apple-darwin10/4.2.1 /usr/lib /usr/local/lib'
lt_cv_sys_max_cmd_len=196608
lt_lt_cv_prog_compiler_c_o='"yes"'
lt_lt_cv_prog_compiler_c_o_CXX='"yes"'
lt_lt_cv_sys_global_symbol_pipe='"sed -n -e '\''s/^.*[ 	]\\([BCDEGRST][BCDEGRST]*\\)[ 	][ 	]*_\\([_A-Za-z][_A-Za-z0-9]*\\)\$/\\1 _\\2 \\2/p'\''"'
lt_lt_cv_sys_global_symbol_to_c_name_address='"sed -n -e '\''s/^: \\([^ ]*\\) \$/  {\\\"\\1\\\", (lt_ptr) 0},/p'\'' -e '\''s/^[BCDEGRST] \\([^ ]*\\) \\([^ ]*\\)\$/  {\"\\2\", (lt_ptr) \\&\\2},/p'\''"'
lt_lt_cv_sys_global_symbol_to_cdecl='"sed -n -e '\''s/^. .* \\(.*\\)\$/extern int \\1;/p'\''"'

## ----------------- ##
## Output variables. ##
## ----------------- ##

ACLOCAL='${SHELL} /Users/www.tirebarn.com/Library/bin/libicns-0.7.1/missing --run aclocal-1.10'
AMDEPBACKSLASH='\'
AMDEP_FALSE='#'
AMDEP_TRUE=''
AMTAR='${SHELL} /Users/www.tirebarn.com/Library/bin/libicns-0.7.1/missing --run tar'
AR='ar'
AUTOCONF='${SHELL} /Users/www.tirebarn.com/Library/bin/libicns-0.7.1/missing --run autoconf'
AUTOHEADER='${SHELL} /Users/www.tirebarn.com/Library/bin/libicns-0.7.1/missing --run autoheader'
AUTOMAKE='${SHELL} /Users/www.tirebarn.com/Library/bin/libicns-0.7.1/missing --run automake-1.10'
AWK='awk'
CC='gcc'
CCDEPMODE='depmode=gcc3'
CFLAGS=''
CPP='gcc -E'
CPPFLAGS=''
CXX='g++'
CXXCPP='g++ -E'
CXXDEPMODE='depmode=gcc3'
CXXFLAGS='-g -O2'
CYGPATH_W='echo'
DEFS='-DHAVE_CONFIG_H'
DEPDIR='.deps'
DSYMUTIL='dsymutil'
ECHO='/bin/echo'
ECHO_C='ECHO_N=''
ECHO_T=''
EGREP='/usr/bin/grep -E'
EXEEXT=''
F77=''
FFLAGS=''
GREP='/usr/bin/grep'
INSTALL_DATA='${INSTALL} -m 644'
INSTALL_PROGRAM='${INSTALL}'
INSTALL_SCRIPT='${INSTALL}'
INSTALL_STRIP_PROGRAM='$(install_sh) -c -s'
JP2000_LIBS='-lopenjpeg'
LDFLAGS=''
LIBOBJS=''
LIBS=''
LIBTOOL='$(SHELL) $(top_builddir)/libtool'
LN_S='ln -s'
LTLIBOBJS=''
MAINT='#'
MAINTAINER_MODE_FALSE=''
MAINTAINER_MODE_TRUE='#'
MAKEINFO='${SHELL} /Users/www.tirebarn.com/Library/bin/libicns-0.7.1/missing --run makeinfo'
NMEDIT='nmedit'
OBJEXT='o'
PACKAGE='libicns'
PACKAGE_BUGREPORT='mathew@eisbox.net'
PACKAGE_NAME='libicns'
PACKAGE_STRING='libicns 0.5.9'
PACKAGE_TARNAME='libicns'
PACKAGE_VERSION='0.5.9'
PATH_SEPARATOR=':'
PNG_LIBS='-lpng'
RANLIB='ranlib'
SED='/usr/bin/sed'
SET_MAKE=''
SHELL='/bin/sh'
STRIP='strip'
VERSION='0.5.9'
ac_ct_CC='gcc'
ac_ct_CXX='g++'
ac_ct_F77=''
am__fastdepCC_FALSE='#'
am__fastdepCC_TRUE=''
am__fastdepCXX_FALSE='#'
am__fastdepCXX_TRUE=''
am__include='include'
am__isrc=''
am__leading_dot='.'
am__quote=''
am__tar='${AMTAR} chof - "$$tardir"'
am__untar='${AMTAR} xf -'
bindir='${exec_prefix}/bin'
build='i386-apple-darwin10.0.0'
build_alias=''
build_cpu='i386'
build_os='darwin10.0.0'
build_vendor='apple'
datadir='${datarootdir}'
datarootdir='${prefix}/share'
docdir='${datarootdir}/doc/${PACKAGE_TARNAME}'
dvidir='${docdir}'
exec_prefix='${prefix}'
host='i386-apple-darwin10.0.0'
host_alias=''
host_cpu='i386'
host_os='darwin10.0.0'
host_vendor='apple'
htmldir='${docdir}'
includedir='${prefix}/include'
infodir='${datarootdir}/info'
install_sh='$(SHELL) /Users/www.tirebarn.com/Library/bin/libicns-0.7.1/install-sh'
libdir='${exec_prefix}/lib'
libexecdir='${exec_prefix}/libexec'
localedir='${datarootdir}/locale'
localstatedir='${prefix}/var'
mandir='${datarootdir}/man'
mkdir_p='$(top_builddir)/./install-sh -c -d'
oldincludedir='/usr/include'
pdfdir='${docdir}'
prefix='/usr/local'
program_transform_name='s,x,x,'
psdir='${docdir}'
sbindir='${exec_prefix}/sbin'
sharedstatedir='${prefix}/com'
sysconfdir='${prefix}/etc'
target_alias=''

## ----------- ##
## confdefs.h. ##
## ----------- ##

#define PACKAGE_NAME "libicns"
#define PACKAGE_TARNAME "libicns"
#define PACKAGE_VERSION "0.5.9"
#define PACKAGE_STRING "libicns 0.5.9"
#define PACKAGE_BUGREPORT "mathew@eisbox.net"
#define PACKAGE "libicns"
#define VERSION "0.5.9"
#define _GNU_SOURCE 1
#define STDC_HEADERS 1
#define HAVE_SYS_TYPES_H 1
#define HAVE_SYS_STAT_H 1
#define HAVE_STDLIB_H 1
#define HAVE_STRING_H 1
#define HAVE_MEMORY_H 1
#define HAVE_STRINGS_H 1
#define HAVE_INTTYPES_H 1
#define HAVE_STDINT_H 1
#define HAVE_UNISTD_H 1
#define HAVE_DLFCN_H 1
#define STDC_HEADERS 1
#define HAVE_STDINT_H 1
#define HAVE_GETOPT_H 1
#define HAVE_FORK 1
#define HAVE_VFORK 1
#define HAVE_WORKING_VFORK 1
#define HAVE_WORKING_FORK 1
#define HAVE_PNG_H 1
#define HAVE_LIBPNG12_PNG_H 1
#define HAVE_OPENJPEG_H 1
#define ICNS_OPENJPEG 1

configure: exit 0
